2012-07-02 17:35:12 Error: [SocketException] Connection timed out
#0 /home/wanchan/klaital.com/library/lib/Cake/Network/CakeSocket.php(193): CakeSocket->connect()
#1 /home/wanchan/klaital.com/library/lib/Cake/Network/Http/HttpSocket.php(362): CakeSocket->write('GET /api/json/d...')
#2 /home/wanchan/klaital.com/library/lib/Cake/Network/Http/HttpSocket.php(449): HttpSocket->request(Array)
#3 /home/wanchan/klaital.com/library/app/Model/Item.php(94): HttpSocket->get('http://www.upcd...')
#4 /home/wanchan/klaital.com/library/app/Model/Item.php(24): Item->lookupUpcDatabaseDotOrg('5014469531765')
#5 [internal function]: Item->beforeSave(Array)
#6 /home/wanchan/klaital.com/library/lib/Cake/Event/CakeEventManager.php(244): call_user_func_array(Array, Array)
#7 /home/wanchan/klaital.com/library/lib/Cake/Model/Model.php(1660): CakeEventManager->dispatch(Object(CakeEvent))
#8 /home/wanchan/klaital.com/library/app/Controller/ItemsController.php(25): Model->save(Array)
#9 [internal function]: ItemsController->add()
#10 /home/wanchan/klaital.com/library/lib/Cake/Controller/Controller.php(485): ReflectionMethod->invokeArgs(Object(ItemsController), Array)
#11 /home/wanchan/klaital.com/library/lib/Cake/Routing/Dispatcher.php(103): Controller->invokeAction(Object(CakeRequest))
#12 /home/wanchan/klaital.com/library/lib/Cake/Routing/Dispatcher.php(85): Dispatcher->_invoke(Object(ItemsController), Object(CakeRequest), Object(CakeResponse))
#13 /home/wanchan/klaital.com/library/app/webroot/index.php(92): Dispatcher->dispatch(Object(CakeRequest), Object(CakeResponse))
#14 {main}
2012-07-02 17:37:02 Error: [SocketException] Connection timed out
#0 /home/wanchan/klaital.com/library/lib/Cake/Network/CakeSocket.php(193): CakeSocket->connect()
#1 /home/wanchan/klaital.com/library/lib/Cake/Network/Http/HttpSocket.php(362): CakeSocket->write('GET /api/json/d...')
#2 /home/wanchan/klaital.com/library/lib/Cake/Network/Http/HttpSocket.php(449): HttpSocket->request(Array)
#3 /home/wanchan/klaital.com/library/app/Model/Item.php(94): HttpSocket->get('http://www.upcd...')
#4 /home/wanchan/klaital.com/library/app/Model/Item.php(24): Item->lookupUpcDatabaseDotOrg('5014469531765')
#5 [internal function]: Item->beforeSave(Array)
#6 /home/wanchan/klaital.com/library/lib/Cake/Event/CakeEventManager.php(244): call_user_func_array(Array, Array)
#7 /home/wanchan/klaital.com/library/lib/Cake/Model/Model.php(1660): CakeEventManager->dispatch(Object(CakeEvent))
#8 /home/wanchan/klaital.com/library/app/Controller/ItemsController.php(25): Model->save(Array)
#9 [internal function]: ItemsController->add()
#10 /home/wanchan/klaital.com/library/lib/Cake/Controller/Controller.php(485): ReflectionMethod->invokeArgs(Object(ItemsController), Array)
#11 /home/wanchan/klaital.com/library/lib/Cake/Routing/Dispatcher.php(103): Controller->invokeAction(Object(CakeRequest))
#12 /home/wanchan/klaital.com/library/lib/Cake/Routing/Dispatcher.php(85): Dispatcher->_invoke(Object(ItemsController), Object(CakeRequest), Object(CakeResponse))
#13 /home/wanchan/klaital.com/library/app/webroot/index.php(92): Dispatcher->dispatch(Object(CakeRequest), Object(CakeResponse))
#14 {main}
2012-07-02 19:29:55 Error: [SocketException] Connection timed out
#0 /home/wanchan/klaital.com/library/lib/Cake/Network/CakeSocket.php(193): CakeSocket->connect()
#1 /home/wanchan/klaital.com/library/lib/Cake/Network/Http/HttpSocket.php(362): CakeSocket->write('GET /api/json/d...')
#2 /home/wanchan/klaital.com/library/lib/Cake/Network/Http/HttpSocket.php(449): HttpSocket->request(Array)
#3 /home/wanchan/klaital.com/library/app/Model/Item.php(94): HttpSocket->get('http://www.upcd...')
#4 /home/wanchan/klaital.com/library/app/Model/Item.php(24): Item->lookupUpcDatabaseDotOrg('013023165199')
#5 [internal function]: Item->beforeSave(Array)
#6 /home/wanchan/klaital.com/library/lib/Cake/Event/CakeEventManager.php(244): call_user_func_array(Array, Array)
#7 /home/wanchan/klaital.com/library/lib/Cake/Model/Model.php(1660): CakeEventManager->dispatch(Object(CakeEvent))
#8 /home/wanchan/klaital.com/library/app/Controller/ItemsController.php(25): Model->save(Array)
#9 [internal function]: ItemsController->add()
#10 /home/wanchan/klaital.com/library/lib/Cake/Controller/Controller.php(485): ReflectionMethod->invokeArgs(Object(ItemsController), Array)
#11 /home/wanchan/klaital.com/library/lib/Cake/Routing/Dispatcher.php(103): Controller->invokeAction(Object(CakeRequest))
#12 /home/wanchan/klaital.com/library/lib/Cake/Routing/Dispatcher.php(85): Dispatcher->_invoke(Object(ItemsController), Object(CakeRequest), Object(CakeResponse))
#13 /home/wanchan/klaital.com/library/app/webroot/index.php(92): Dispatcher->dispatch(Object(CakeRequest), Object(CakeResponse))
#14 {main}
2012-07-02 19:37:54 Error: [SocketException] Connection timed out
#0 /home/wanchan/klaital.com/library/lib/Cake/Network/CakeSocket.php(193): CakeSocket->connect()
#1 /home/wanchan/klaital.com/library/lib/Cake/Network/Http/HttpSocket.php(362): CakeSocket->write('GET /api/json/d...')
#2 /home/wanchan/klaital.com/library/lib/Cake/Network/Http/HttpSocket.php(449): HttpSocket->request(Array)
#3 /home/wanchan/klaital.com/library/app/Model/Item.php(94): HttpSocket->get('http://www.upcd...')
#4 /home/wanchan/klaital.com/library/app/Model/Item.php(24): Item->lookupUpcDatabaseDotOrg('01302316519')
#5 [internal function]: Item->beforeSave(Array)
#6 /home/wanchan/klaital.com/library/lib/Cake/Event/CakeEventManager.php(244): call_user_func_array(Array, Array)
#7 /home/wanchan/klaital.com/library/lib/Cake/Model/Model.php(1660): CakeEventManager->dispatch(Object(CakeEvent))
#8 /home/wanchan/klaital.com/library/app/Controller/ItemsController.php(25): Model->save(Array)
#9 [internal function]: ItemsController->add()
#10 /home/wanchan/klaital.com/library/lib/Cake/Controller/Controller.php(485): ReflectionMethod->invokeArgs(Object(ItemsController), Array)
#11 /home/wanchan/klaital.com/library/lib/Cake/Routing/Dispatcher.php(103): Controller->invokeAction(Object(CakeRequest))
#12 /home/wanchan/klaital.com/library/lib/Cake/Routing/Dispatcher.php(85): Dispatcher->_invoke(Object(ItemsController), Object(CakeRequest), Object(CakeResponse))
#13 /home/wanchan/klaital.com/library/app/webroot/index.php(92): Dispatcher->dispatch(Object(CakeRequest), Object(CakeResponse))
#14 {main}
2012-07-02 19:55:05 Error: [SocketException] Connection timed out
#0 /home/wanchan/klaital.com/library/lib/Cake/Network/CakeSocket.php(193): CakeSocket->connect()
#1 /home/wanchan/klaital.com/library/lib/Cake/Network/Http/HttpSocket.php(362): CakeSocket->write('GET /api/json/d...')
#2 /home/wanchan/klaital.com/library/lib/Cake/Network/Http/HttpSocket.php(449): HttpSocket->request(Array)
#3 /home/wanchan/klaital.com/library/app/Model/Item.php(94): HttpSocket->get('http://www.upcd...')
#4 /home/wanchan/klaital.com/library/app/Model/Item.php(28): Item->lookupUpcDatabaseDotOrg('013023165199')
#5 [internal function]: Item->beforeSave(Array)
#6 /home/wanchan/klaital.com/library/lib/Cake/Event/CakeEventManager.php(244): call_user_func_array(Array, Array)
#7 /home/wanchan/klaital.com/library/lib/Cake/Model/Model.php(1660): CakeEventManager->dispatch(Object(CakeEvent))
#8 /home/wanchan/klaital.com/library/app/Controller/ItemsController.php(25): Model->save(Array)
#9 [internal function]: ItemsController->add()
#10 /home/wanchan/klaital.com/library/lib/Cake/Controller/Controller.php(485): ReflectionMethod->invokeArgs(Object(ItemsController), Array)
#11 /home/wanchan/klaital.com/library/lib/Cake/Routing/Dispatcher.php(103): Controller->invokeAction(Object(CakeRequest))
#12 /home/wanchan/klaital.com/library/lib/Cake/Routing/Dispatcher.php(85): Dispatcher->_invoke(Object(ItemsController), Object(CakeRequest), Object(CakeResponse))
#13 /home/wanchan/klaital.com/library/app/webroot/index.php(92): Dispatcher->dispatch(Object(CakeRequest), Object(CakeResponse))
#14 {main}
