2012-07-16T22:19:45 searchupc.com querying with url http://www.searchupc.com/handlers/upcsearch.ashx?request_type=3&access_token=2F26CC56-6D00-4525-B67F-5E3A13DA57CD&upc=4930203029002
2012-07-16T22:19:48 searchupc.com lookup failed2012-07-16T22:19:48 upcdatabase.com querying code 4930203029002
2012-07-16T22:19:53 upcdatabase.com lookup success for code 4930203029002
2012-07-16T22:19:53 Array2012-07-16T22:19:53 upcdatabase.com response: No description field found2012-07-16T22:19:53 upcdatabase.org querying code 4930203029002
2012-07-16T22:19:56 upcdatabase.org failed to respond2012-07-16T22:20:56 searchupc.com querying with url http://www.searchupc.com/handlers/upcsearch.ashx?request_type=3&access_token=2F26CC56-6D00-4525-B67F-5E3A13DA57CD&upc=4930203029002
2012-07-16T22:20:59 searchupc.com lookup failed2012-07-16T22:20:59 upcdatabase.com querying code 4930203029002
2012-07-16T22:21:05 upcdatabase.com lookup success for code 4930203029002
2012-07-16T22:21:05 Array2012-07-16T22:21:05 upcdatabase.com response: No description field found2012-07-16T22:21:05 upcdatabase.org querying code 4930203029002
2012-07-16T22:21:08 upcdatabase.org failed to respond2012-07-16T22:21:51 searchupc.com querying with url http://www.searchupc.com/handlers/upcsearch.ashx?request_type=3&access_token=2F26CC56-6D00-4525-B67F-5E3A13DA57CD&upc=4930203029002
2012-07-16T22:21:54 searchupc.com lookup failed2012-07-16T22:21:54 upcdatabase.com querying code 4930203029002
2012-07-16T22:22:00 upcdatabase.com lookup success for code 4930203029002
2012-07-16T22:22:00 Array2012-07-16T22:22:00 upcdatabase.com response: No description field found2012-07-16T22:22:00 upcdatabase.org querying code 4930203029002
2012-07-16T22:22:03 upcdatabase.org failed to respond2012-07-16T22:25:39 searchupc.com querying with url http://www.searchupc.com/handlers/upcsearch.ashx?request_type=3&access_token=2F26CC56-6D00-4525-B67F-5E3A13DA57CD&upc=4930203029002

2012-07-16T22:25:42 searchupc.com lookup failed
2012-07-16T22:25:42 upcdatabase.com querying code 4930203029002

2012-07-16T22:25:48 upcdatabase.com lookup success for code 4930203029002

2012-07-16T22:25:48 Array
2012-07-16T22:25:48 upcdatabase.com response: No description field found
2012-07-16T22:25:48 upcdatabase.org querying code 4930203029002

2012-07-16T22:25:51 upcdatabase.org failed to respond
2012-07-16T22:32:49 searchupc.com querying with url http://www.searchupc.com/handlers/upcsearch.ashx?request_type=3&access_token=2F26CC56-6D00-4525-B67F-5E3A13DA57CD&upc=4930203029002

2012-07-16T22:32:49 searchupc.com lookup failed
2012-07-16T22:32:49 upcdatabase.com querying code 4930203029002

2012-07-16T22:32:55 upcdatabase.com lookup success for code 4930203029002

2012-07-16T22:32:55 Array
2012-07-16T22:32:55 upcdatabase.com response: No description field found
2012-07-16T22:32:55 upcdatabase.org querying code 4930203029002

2012-07-16T22:33:13 upcdatabase.org response: {"valid":"false","reason":"Code not found in database."}
2012-07-16T22:37:11 searchupc.com querying with url http://www.searchupc.com/handlers/upcsearch.ashx?request_type=3&access_token=2F26CC56-6D00-4525-B67F-5E3A13DA57CD&upc=4930203029002

2012-07-16T22:37:19 searchupc.com reponse: 
2012-07-16T22:37:19 Array
2012-07-16T22:37:19 searchupc.com found item name: Final Fantasy IV
2012-07-16T22:37:19 upcdatabase.com querying code 4930203029002

2012-07-16T22:37:25 upcdatabase.com lookup success for code 4930203029002

2012-07-16T22:37:25 Array
2012-07-16T22:37:25 upcdatabase.com response: No description field found
2012-07-16T22:37:25 upcdatabase.org querying code 4930203029002

2012-07-16T22:37:42 upcdatabase.org response: {"valid":"false","reason":"Code not found in database."}
2012-07-16T22:39:44 Checking books.google.com for ISBN 9781598164558
2012-07-16T22:39:44 Using URL: http://books.google.com/books/feeds/volumes?q=isbn:9781598164558
2012-07-16T22:39:47 books.google.com response: 
2012-07-16T22:42:04 Checking books.google.com for ISBN 9781598164558
2012-07-16T22:42:04 Using URL: http://books.google.com/books/feeds/volumes?q=isbn:9781598164558
2012-07-16T22:42:07 books.google.com response: 
2012-07-16T22:42:07 books.google.com Unable to find ISBN 9781598164558
2012-07-16T22:42:07 Checking books.google.com for ISBN 978141390022

2012-07-16T22:42:07 Using URL: http://books.google.com/books/feeds/volumes?q=isbn:978141390022

2012-07-16T22:42:10 books.google.com response: 
2012-07-16T22:42:10 books.google.com Unable to find ISBN 978141390022

2012-07-16T22:42:10 Checking books.google.com for ISBN 

2012-07-16T22:42:10 Using URL: http://books.google.com/books/feeds/volumes?q=isbn:

2012-07-16T22:42:13 books.google.com response: 
2012-07-16T22:42:13 books.google.com Unable to find ISBN 

2012-07-16T22:43:14 Checking books.google.com for ISBN 9781598164558
2012-07-16T22:43:14 Using URL: http://books.google.com/books/feeds/volumes?q=isbn:9781598164558
2012-07-16T22:43:19 Extracted book title: 
2012-07-16T22:43:19 Checking books.google.com for ISBN 978141390022

2012-07-16T22:43:19 Using URL: http://books.google.com/books/feeds/volumes?q=isbn:978141390022

2012-07-16T22:43:25 Extracted book title: 
2012-07-16T22:43:25 Checking books.google.com for ISBN 

2012-07-16T22:43:25 Using URL: http://books.google.com/books/feeds/volumes?q=isbn:

2012-07-16T22:43:31 Extracted book title: 
2012-07-16T22:47:52 Checking books.google.com for ISBN 9781598164558
2012-07-16T22:47:52 Using URL: http://books.google.com/books/feeds/volumes?q=isbn:9781598164558
2012-07-16T22:47:57 Extracted book title: 
2012-07-16T22:47:57 Checking books.google.com for ISBN 978141390022

2012-07-16T22:47:57 Using URL: http://books.google.com/books/feeds/volumes?q=isbn:978141390022

2012-07-16T22:48:03 Extracted book title: 
2012-07-16T22:48:03 Checking books.google.com for ISBN 

2012-07-16T22:48:03 Using URL: http://books.google.com/books/feeds/volumes?q=isbn:

2012-07-16T22:48:08 Extracted book title: 
2012-07-16T22:49:27 Checking books.google.com for ISBN 9781598164558
2012-07-16T22:49:27 Using URL: http://books.google.com/books/feeds/volumes?q=isbn:9781598164558
2012-07-16T22:49:32 books.google.com response contained no title element
2012-07-16T22:49:32 Checking books.google.com for ISBN 978141390022

2012-07-16T22:49:32 Using URL: http://books.google.com/books/feeds/volumes?q=isbn:978141390022

2012-07-16T22:49:37 books.google.com response contained no title element
2012-07-16T22:49:37 Checking books.google.com for ISBN 

2012-07-16T22:49:37 Using URL: http://books.google.com/books/feeds/volumes?q=isbn:

2012-07-16T22:49:43 books.google.com response contained no title element
2012-07-16T22:50:04 Checking books.google.com for ISBN 9781598164558
2012-07-16T22:50:04 Using URL: http://books.google.com/books/feeds/volumes?q=isbn:9781598164558
2012-07-16T22:50:10 Extracted book title: 
2012-07-16T22:50:10 Checking books.google.com for ISBN 978141390022

2012-07-16T22:50:10 Using URL: http://books.google.com/books/feeds/volumes?q=isbn:978141390022

2012-07-16T22:50:15 books.google.com response contained no title element
2012-07-16T22:50:15 Checking books.google.com for ISBN 

2012-07-16T22:50:15 Using URL: http://books.google.com/books/feeds/volumes?q=isbn:

2012-07-16T22:50:21 Extracted book title: 
2012-07-16T22:52:52 Checking books.google.com for ISBN 9781598164558
2012-07-16T22:52:52 Using URL: http://books.google.com/books/feeds/volumes?q=isbn:9781598164558
2012-07-16T22:52:57 Extracted book title: 
2012-07-16T22:52:57 Checking books.google.com for ISBN 978141390022

2012-07-16T22:52:57 Using URL: http://books.google.com/books/feeds/volumes?q=isbn:978141390022

2012-07-16T22:53:03 books.google.com response contained no title element
2012-07-16T22:53:03 Checking books.google.com for ISBN 

2012-07-16T22:53:03 Using URL: http://books.google.com/books/feeds/volumes?q=isbn:

2012-07-16T22:53:09 Extracted book title: 
2012-07-16T22:55:43 Checking books.google.com for ISBN 9781598164558
2012-07-16T22:55:43 Using URL: http://books.google.com/books/feeds/volumes?q=isbn:9781598164558
2012-07-16T22:55:58 Extracted book title: 
2012-07-16T22:55:58 Checking books.google.com for ISBN 978141390022

2012-07-16T22:55:58 Using URL: http://books.google.com/books/feeds/volumes?q=isbn:978141390022

2012-07-16T22:56:04 books.google.com response contained no title element
2012-07-16T22:56:04 Checking books.google.com for ISBN 

2012-07-16T22:56:04 Using URL: http://books.google.com/books/feeds/volumes?q=isbn:

2012-07-16T22:56:10 Extracted book title: 
2012-07-16T22:58:06 Checking books.google.com for ISBN 9781598164558
2012-07-16T22:58:06 Using URL: http://books.google.com/books/feeds/volumes?q=isbn:9781598164558
2012-07-16T22:58:16 Extracted book title: Kino No Tabi Volume 1: Book One of THE BEAUTIFUL WORLD
2012-07-16T22:58:16 Checking books.google.com for ISBN 978141390022

2012-07-16T22:58:16 Using URL: http://books.google.com/books/feeds/volumes?q=isbn:978141390022

2012-07-16T22:58:25 books.google.com response contained no title element
2012-07-16T22:58:25 Checking books.google.com for ISBN 

2012-07-16T22:58:25 Using URL: http://books.google.com/books/feeds/volumes?q=isbn:

2012-07-16T22:58:33 Extracted book title: Mockingjay
2012-07-16T23:03:02 Checking books.google.com for ISBN 9781598164558
2012-07-16T23:03:02 Using URL: http://books.google.com/books/feeds/volumes?q=isbn:9781598164558
2012-07-16T23:03:08 Extracted book title: Kino No Tabi Volume 1: Book One of THE BEAUTIFUL WORLD
2012-07-16T23:03:08 Checking books.google.com for ISBN 9781413900224

2012-07-16T23:03:08 Using URL: http://books.google.com/books/feeds/volumes?q=isbn:9781413900224

2012-07-16T23:03:14 Extracted book title: To Heart
